\BOOKMARK [0][-]{chapter.1}{\376\377\006\101\006\065\006\104\000\040\000\040\000\040\000\040\000\040\006\105\006\102\006\057\006\105\006\107}{}% 1
\BOOKMARK [1][-]{section.1.1}{\376\377\006\047\006\107\006\105\006\314\006\052\000\040\006\110\000\040\006\066\006\061\006\110\006\061\006\052}{chapter.1}% 2
\BOOKMARK [1][-]{section.1.2}{\376\377\006\206\006\047\006\104\006\064\040\014\006\107\006\047}{chapter.1}% 3
\BOOKMARK [1][-]{section.1.3}{\376\377\006\063\006\047\006\056\006\052\006\047\006\061\000\040\006\257\006\062\006\047\006\061\006\064}{chapter.1}% 4
\BOOKMARK [0][-]{chapter.2}{\376\377\006\101\006\065\006\104\000\040\000\040\000\040\000\040\000\040\006\105\006\101\006\047\006\107\006\314\006\105\000\040\006\176\006\047\006\314\006\107\040\014\006\047\006\314}{}% 5
\BOOKMARK [1][-]{section.2.1}{\376\377\006\105\006\050\006\047\006\106\006\314\000\040\006\314\006\047\006\057\006\257\006\314\006\061\006\314\000\040\006\230\006\061\006\101}{chapter.2}% 6
\BOOKMARK [1][-]{section.2.2}{\376\377\006\063\006\047\006\062\006\110\006\251\006\047\006\061\000\040\006\257\006\063\006\052\006\061\006\064\000\040\006\230\006\061\006\101}{chapter.2}% 7
\BOOKMARK [1][-]{section.2.3}{\376\377\006\057\006\047\006\106\006\064\000\040\006\057\006\047\006\105\006\106\006\107\000\040\006\110\000\040\006\314\006\047\006\057\006\257\006\314\006\061\006\314\000\040\006\230\006\061\006\101\000\040\006\057\006\061\000\040\006\064\006\050\006\251\006\107\040\014\006\107\006\047\006\314\000\040\006\050\006\314\040\014\006\063\006\314\006\105}{chapter.2}% 8
\BOOKMARK [0][-]{chapter.3}{\376\377\006\101\006\065\006\104\000\040\000\040\000\040\000\040\000\040\006\105\006\061\006\110\006\061\006\314\000\040\006\050\006\061\000\040\006\251\006\047\006\061\006\107\006\047\006\314\000\040\006\176\006\314\006\064\006\314\006\106}{}% 9
\BOOKMARK [1][-]{section.3.1}{\376\377\006\052\006\056\006\065\006\314\006\065\000\040\006\052\006\110\006\047\006\106\000\040\006\110\000\040\006\105\006\057\006\314\006\061\006\314\006\052\000\040\006\105\006\106\006\047\006\050\006\071}{chapter.3}% 10
\BOOKMARK [1][-]{section.3.2}{\376\377\006\067\006\061\006\047\006\055\006\314\000\040\006\176\006\314\006\064\040\014\006\251\006\057\006\257\006\060\006\047\006\061\000\040\006\110\000\040\006\064\006\251\006\104\040\014\006\057\006\107\006\314\000\040\006\176\006\061\006\052\006\110}{chapter.3}% 11
\BOOKMARK [1][-]{section.3.3}{\376\377\006\052\006\056\006\105\006\314\006\106\000\040\006\251\006\047\006\106\006\047\006\104}{chapter.3}% 12
\BOOKMARK [1][-]{section.3.4}{\376\377\006\063\006\106\006\054\006\064\000\040\006\110\000\040\006\047\006\061\006\052\006\050\006\047\006\067\006\047\006\052\000\040\006\314\006\251\006\176\006\047\006\061\006\206\006\107}{chapter.3}% 13
\BOOKMARK [1][-]{section.3.5}{\376\377\006\042\006\064\006\251\006\047\006\061\006\063\006\047\006\062\006\314\000\040\006\063\006\314\006\257\006\106\006\047\006\104\000\040\006\110\000\040\006\057\006\063\006\052\006\061\006\063\006\314\000\040\006\206\006\106\006\057\006\257\006\047\006\106\006\107}{chapter.3}% 14
\BOOKMARK [0][-]{chapter.4}{\376\377\006\101\006\065\006\104\000\040\000\040\000\040\000\040\000\040\006\106\006\052\006\314\006\054\006\107\040\014\006\257\006\314\006\061\006\314\000\040\006\110\000\040\006\251\006\047\040\014\006\061\040\014\006\107\006\047\006\314\000\040\006\042\006\314\006\106\006\057\006\107}{}% 15
\BOOKMARK [1][-]{section.4.1}{\376\377\006\106\006\052\006\314\006\054\006\107\040\014\006\257\006\314\006\061\006\314}{chapter.4}% 16
\BOOKMARK [1][-]{section.4.2}{\376\377\006\251\006\047\006\061\006\107\006\047\006\314\000\040\006\042\006\314\006\106\006\057\006\107}{chapter.4}% 17
\BOOKMARK [0][-]{section*.28}{\376\377\006\105\006\061\006\047\006\054\006\071}{}% 18
\BOOKMARK [0][-]{section*.30}{\376\377\006\110\006\047\006\230\006\107\000\040\006\106\006\047\006\105\006\107\000\040\006\047\006\106\006\257\006\104\006\314\006\063\006\314\000\040\006\050\006\107\000\040\006\101\006\047\006\061\006\063\006\314}{}% 19
\BOOKMARK [0][-]{section*.33}{\376\377\006\110\006\047\006\230\006\107\000\040\006\106\006\047\006\105\006\107\000\040\006\101\006\047\006\061\006\063\006\314\000\040\006\050\006\107\000\040\006\047\006\106\006\257\006\104\006\314\006\063\006\314}{}% 20
